Analysis & Synthesis report for VendingMachine
Sat Jan  4 21:26:39 2025
Quartus Prime Version 23.1std.0 Build 991 11/28/2023 SC Lite Edition


---------------------
; Table of Contents ;
---------------------
  1. Legal Notice
  2. Analysis & Synthesis Summary
  3. Analysis & Synthesis Settings
  4. Parallel Compilation
  5. Analysis & Synthesis Source Files Read
  6. Analysis & Synthesis Resource Usage Summary
  7. Analysis & Synthesis Resource Utilization by Entity
  8. General Register Statistics
  9. Inverted Register Statistics
 10. Multiplexer Restructuring Statistics (Restructuring Performed)
 11. Parameter Settings for User Entity Instance: Top-level Entity: |VendingMachine
 12. Parameter Settings for User Entity Instance: debounce:debounce_button1
 13. Parameter Settings for User Entity Instance: debounce:debounce_button2
 14. Parameter Settings for Inferred Entity Instance: lpm_divide:Mod3
 15. Parameter Settings for Inferred Entity Instance: lpm_divide:Div2
 16. Parameter Settings for Inferred Entity Instance: lpm_divide:Mod2
 17. Parameter Settings for Inferred Entity Instance: lpm_divide:Div1
 18. Parameter Settings for Inferred Entity Instance: lpm_divide:Mod1
 19. Parameter Settings for Inferred Entity Instance: lpm_divide:Div0
 20. Parameter Settings for Inferred Entity Instance: lpm_divide:Mod0
 21. Post-Synthesis Netlist Statistics for Top Partition
 22. Elapsed Time Per Partition
 23. Analysis & Synthesis Messages



----------------
; Legal Notice ;
----------------
Copyright (C) 2023  Intel Corporation. All rights reserved.
Your use of Intel Corporation's design tools, logic functions 
and other software and tools, and any partner logic 
functions, and any output files from any of the foregoing 
(including device programming or simulation files), and any 
associated documentation or information are expressly subject 
to the terms and conditions of the Intel Program License 
Subscription Agreement, the Intel Quartus Prime License Agreement,
the Intel FPGA IP License Agreement, or other applicable license
agreement, including, without limitation, that your use is for
the sole purpose of programming logic devices manufactured by
Intel and sold by Intel or its authorized distributors.  Please
refer to the applicable agreement for further details, at
https://fpgasoftware.intel.com/eula.



+-------------------------------------------------------------------------------------+
; Analysis & Synthesis Summary                                                        ;
+------------------------------------+------------------------------------------------+
; Analysis & Synthesis Status        ; Successful - Sat Jan  4 21:26:39 2025          ;
; Quartus Prime Version              ; 23.1std.0 Build 991 11/28/2023 SC Lite Edition ;
; Revision Name                      ; VendingMachine                                 ;
; Top-level Entity Name              ; VendingMachine                                 ;
; Family                             ; MAX 10                                         ;
; Total logic elements               ; 1,269                                          ;
;     Total combinational functions  ; 1,267                                          ;
;     Dedicated logic registers      ; 122                                            ;
; Total registers                    ; 122                                            ;
; Total pins                         ; 35                                             ;
; Total virtual pins                 ; 0                                              ;
; Total memory bits                  ; 0                                              ;
; Embedded Multiplier 9-bit elements ; 0                                              ;
; Total PLLs                         ; 0                                              ;
; UFM blocks                         ; 0                                              ;
; ADC blocks                         ; 0                                              ;
+------------------------------------+------------------------------------------------+


+------------------------------------------------------------------------------------------------------------+
; Analysis & Synthesis Settings                                                                              ;
+------------------------------------------------------------------+--------------------+--------------------+
; Option                                                           ; Setting            ; Default Value      ;
+------------------------------------------------------------------+--------------------+--------------------+
; Device                                                           ; 10M50DAF484C7G     ;                    ;
; Top-level entity name                                            ; VendingMachine     ; VendingMachine     ;
; Family name                                                      ; MAX 10             ; Cyclone V          ;
; Use smart compilation                                            ; Off                ; Off                ;
; Enable parallel Assembler and Timing Analyzer during compilation ; On                 ; On                 ;
; Enable compact report table                                      ; Off                ; Off                ;
; Restructure Multiplexers                                         ; Auto               ; Auto               ;
; Create Debugging Nodes for IP Cores                              ; Off                ; Off                ;
; Preserve fewer node names                                        ; On                 ; On                 ;
; Intel FPGA IP Evaluation Mode                                    ; Enable             ; Enable             ;
; Verilog Version                                                  ; Verilog_2001       ; Verilog_2001       ;
; VHDL Version                                                     ; VHDL_1993          ; VHDL_1993          ;
; State Machine Processing                                         ; Auto               ; Auto               ;
; Safe State Machine                                               ; Off                ; Off                ;
; Extract Verilog State Machines                                   ; On                 ; On                 ;
; Extract VHDL State Machines                                      ; On                 ; On                 ;
; Ignore Verilog initial constructs                                ; Off                ; Off                ;
; Iteration limit for constant Verilog loops                       ; 5000               ; 5000               ;
; Iteration limit for non-constant Verilog loops                   ; 250                ; 250                ;
; Add Pass-Through Logic to Inferred RAMs                          ; On                 ; On                 ;
; Infer RAMs from Raw Logic                                        ; On                 ; On                 ;
; Parallel Synthesis                                               ; On                 ; On                 ;
; DSP Block Balancing                                              ; Auto               ; Auto               ;
; NOT Gate Push-Back                                               ; On                 ; On                 ;
; Power-Up Don't Care                                              ; On                 ; On                 ;
; Remove Redundant Logic Cells                                     ; Off                ; Off                ;
; Remove Duplicate Registers                                       ; On                 ; On                 ;
; Ignore CARRY Buffers                                             ; Off                ; Off                ;
; Ignore CASCADE Buffers                                           ; Off                ; Off                ;
; Ignore GLOBAL Buffers                                            ; Off                ; Off                ;
; Ignore ROW GLOBAL Buffers                                        ; Off                ; Off                ;
; Ignore LCELL Buffers                                             ; Off                ; Off                ;
; Ignore SOFT Buffers                                              ; On                 ; On                 ;
; Limit AHDL Integers to 32 Bits                                   ; Off                ; Off                ;
; Optimization Technique                                           ; Balanced           ; Balanced           ;
; Carry Chain Length                                               ; 70                 ; 70                 ;
; Auto Carry Chains                                                ; On                 ; On                 ;
; Auto Open-Drain Pins                                             ; On                 ; On                 ;
; Perform WYSIWYG Primitive Resynthesis                            ; Off                ; Off                ;
; Auto ROM Replacement                                             ; On                 ; On                 ;
; Auto RAM Replacement                                             ; On                 ; On                 ;
; Auto DSP Block Replacement                                       ; On                 ; On                 ;
; Auto Shift Register Replacement                                  ; Auto               ; Auto               ;
; Allow Shift Register Merging across Hierarchies                  ; Auto               ; Auto               ;
; Auto Clock Enable Replacement                                    ; On                 ; On                 ;
; Strict RAM Replacement                                           ; Off                ; Off                ;
; Allow Synchronous Control Signals                                ; On                 ; On                 ;
; Force Use of Synchronous Clear Signals                           ; Off                ; Off                ;
; Auto RAM Block Balancing                                         ; On                 ; On                 ;
; Auto RAM to Logic Cell Conversion                                ; Off                ; Off                ;
; Auto Resource Sharing                                            ; Off                ; Off                ;
; Allow Any RAM Size For Recognition                               ; Off                ; Off                ;
; Allow Any ROM Size For Recognition                               ; Off                ; Off                ;
; Allow Any Shift Register Size For Recognition                    ; Off                ; Off                ;
; Use LogicLock Constraints during Resource Balancing              ; On                 ; On                 ;
; Ignore translate_off and synthesis_off directives                ; Off                ; Off                ;
; Timing-Driven Synthesis                                          ; On                 ; On                 ;
; Report Parameter Settings                                        ; On                 ; On                 ;
; Report Source Assignments                                        ; On                 ; On                 ;
; Report Connectivity Checks                                       ; On                 ; On                 ;
; Ignore Maximum Fan-Out Assignments                               ; Off                ; Off                ;
; Synchronization Register Chain Length                            ; 2                  ; 2                  ;
; Power Optimization During Synthesis                              ; Normal compilation ; Normal compilation ;
; HDL message level                                                ; Level2             ; Level2             ;
; Suppress Register Optimization Related Messages                  ; Off                ; Off                ;
; Number of Removed Registers Reported in Synthesis Report         ; 5000               ; 5000               ;
; Number of Swept Nodes Reported in Synthesis Report               ; 5000               ; 5000               ;
; Number of Inverted Registers Reported in Synthesis Report        ; 100                ; 100                ;
; Clock MUX Protection                                             ; On                 ; On                 ;
; Auto Gated Clock Conversion                                      ; Off                ; Off                ;
; Block Design Naming                                              ; Auto               ; Auto               ;
; SDC constraint protection                                        ; Off                ; Off                ;
; Synthesis Effort                                                 ; Auto               ; Auto               ;
; Shift Register Replacement - Allow Asynchronous Clear Signal     ; On                 ; On                 ;
; Pre-Mapping Resynthesis Optimization                             ; Off                ; Off                ;
; Analysis & Synthesis Message Level                               ; Medium             ; Medium             ;
; Disable Register Merging Across Hierarchies                      ; Auto               ; Auto               ;
; Resource Aware Inference For Block RAM                           ; On                 ; On                 ;
+------------------------------------------------------------------+--------------------+--------------------+


+------------------------------------------+
; Parallel Compilation                     ;
+----------------------------+-------------+
; Processors                 ; Number      ;
+----------------------------+-------------+
; Number detected on machine ; 24          ;
; Maximum allowed            ; 16          ;
;                            ;             ;
; Average used               ; 1.00        ;
; Maximum used               ; 16          ;
;                            ;             ;
; Usage by Processor         ; % Time Used ;
;     Processor 1            ; 100.0%      ;
;     Processors 2-16        ;   0.0%      ;
+----------------------------+-------------+


+-----------------------------------------------------------------------------------------------------------------------------------------------------------------------------+
; Analysis & Synthesis Source Files Read                                                                                                                                      ;
+----------------------------------+-----------------+------------------------------+-------------------------------------------------------------------------------+---------+
; File Name with User-Entered Path ; Used in Netlist ; File Type                    ; File Name with Absolute Path                                                  ; Library ;
+----------------------------------+-----------------+------------------------------+-------------------------------------------------------------------------------+---------+
; VendingMachine.v                 ; yes             ; User Verilog HDL File        ; C:/QuartusProjects/VendingMachine/VendingMachine.v                            ;         ;
; debounce.v                       ; yes             ; User Verilog HDL File        ; C:/QuartusProjects/VendingMachine/debounce.v                                  ;         ;
; edgeDetector.v                   ; yes             ; User Verilog HDL File        ; C:/QuartusProjects/VendingMachine/edgeDetector.v                              ;         ;
; SevenSegDecoder.v                ; yes             ; User Verilog HDL File        ; C:/QuartusProjects/VendingMachine/SevenSegDecoder.v                           ;         ;
; lpm_divide.tdf                   ; yes             ; Megafunction                 ; c:/intelfpga_lite/23.1std/quartus/libraries/megafunctions/lpm_divide.tdf      ;         ;
; abs_divider.inc                  ; yes             ; Megafunction                 ; c:/intelfpga_lite/23.1std/quartus/libraries/megafunctions/abs_divider.inc     ;         ;
; sign_div_unsign.inc              ; yes             ; Megafunction                 ; c:/intelfpga_lite/23.1std/quartus/libraries/megafunctions/sign_div_unsign.inc ;         ;
; aglobal231.inc                   ; yes             ; Megafunction                 ; c:/intelfpga_lite/23.1std/quartus/libraries/megafunctions/aglobal231.inc      ;         ;
; db/lpm_divide_rll.tdf            ; yes             ; Auto-Generated Megafunction  ; C:/QuartusProjects/VendingMachine/db/lpm_divide_rll.tdf                       ;         ;
; db/sign_div_unsign_qlh.tdf       ; yes             ; Auto-Generated Megafunction  ; C:/QuartusProjects/VendingMachine/db/sign_div_unsign_qlh.tdf                  ;         ;
; db/alt_u_div_uhe.tdf             ; yes             ; Auto-Generated Megafunction  ; C:/QuartusProjects/VendingMachine/db/alt_u_div_uhe.tdf                        ;         ;
; db/add_sub_t3c.tdf               ; yes             ; Auto-Generated Megafunction  ; C:/QuartusProjects/VendingMachine/db/add_sub_t3c.tdf                          ;         ;
; db/add_sub_u3c.tdf               ; yes             ; Auto-Generated Megafunction  ; C:/QuartusProjects/VendingMachine/db/add_sub_u3c.tdf                          ;         ;
; db/lpm_divide_otl.tdf            ; yes             ; Auto-Generated Megafunction  ; C:/QuartusProjects/VendingMachine/db/lpm_divide_otl.tdf                       ;         ;
; db/lpm_divide_rtl.tdf            ; yes             ; Auto-Generated Megafunction  ; C:/QuartusProjects/VendingMachine/db/lpm_divide_rtl.tdf                       ;         ;
; db/sign_div_unsign_tlh.tdf       ; yes             ; Auto-Generated Megafunction  ; C:/QuartusProjects/VendingMachine/db/sign_div_unsign_tlh.tdf                  ;         ;
; db/alt_u_div_4ie.tdf             ; yes             ; Auto-Generated Megafunction  ; C:/QuartusProjects/VendingMachine/db/alt_u_div_4ie.tdf                        ;         ;
; db/lpm_divide_5vl.tdf            ; yes             ; Auto-Generated Megafunction  ; C:/QuartusProjects/VendingMachine/db/lpm_divide_5vl.tdf                       ;         ;
; db/sign_div_unsign_7nh.tdf       ; yes             ; Auto-Generated Megafunction  ; C:/QuartusProjects/VendingMachine/db/sign_div_unsign_7nh.tdf                  ;         ;
; db/alt_u_div_oke.tdf             ; yes             ; Auto-Generated Megafunction  ; C:/QuartusProjects/VendingMachine/db/alt_u_div_oke.tdf                        ;         ;
+----------------------------------+-----------------+------------------------------+-------------------------------------------------------------------------------+---------+


+---------------------------------------------------------+
; Analysis & Synthesis Resource Usage Summary             ;
+---------------------------------------------+-----------+
; Resource                                    ; Usage     ;
+---------------------------------------------+-----------+
; Estimated Total logic elements              ; 1,269     ;
;                                             ;           ;
; Total combinational functions               ; 1267      ;
; Logic element usage by number of LUT inputs ;           ;
;     -- 4 input functions                    ; 289       ;
;     -- 3 input functions                    ; 285       ;
;     -- <=2 input functions                  ; 693       ;
;                                             ;           ;
; Logic elements by mode                      ;           ;
;     -- normal mode                          ; 846       ;
;     -- arithmetic mode                      ; 421       ;
;                                             ;           ;
; Total registers                             ; 122       ;
;     -- Dedicated logic registers            ; 122       ;
;     -- I/O registers                        ; 0         ;
;                                             ;           ;
; I/O pins                                    ; 35        ;
;                                             ;           ;
; Embedded Multiplier 9-bit elements          ; 0         ;
;                                             ;           ;
; Maximum fan-out node                        ; Clk~input ;
; Maximum fan-out                             ; 122       ;
; Total fan-out                               ; 3797      ;
; Average fan-out                             ; 2.60      ;
+---------------------------------------------+-----------+


+------------------------------------------------------------------------------------------------------------------------------------------------------------------------------------------------------------------------------------------------------------------------------------------------------------------------------------------------------+
; Analysis & Synthesis Resource Utilization by Entity                                                                                                                                                                                                                                                                                                  ;
+------------------------------------------+---------------------+---------------------------+-------------+------------+--------------+---------+-----------+------+--------------+------------+-----------------------------------------------------------------------------------------------------------------+---------------------+--------------+
; Compilation Hierarchy Node               ; Combinational ALUTs ; Dedicated Logic Registers ; Memory Bits ; UFM Blocks ; DSP Elements ; DSP 9x9 ; DSP 18x18 ; Pins ; Virtual Pins ; ADC blocks ; Full Hierarchy Name                                                                                             ; Entity Name         ; Library Name ;
+------------------------------------------+---------------------+---------------------------+-------------+------------+--------------+---------+-----------+------+--------------+------------+-----------------------------------------------------------------------------------------------------------------+---------------------+--------------+
; |VendingMachine                          ; 1267 (147)          ; 122 (50)                  ; 0           ; 0          ; 0            ; 0       ; 0         ; 35   ; 0            ; 0          ; |VendingMachine                                                                                                 ; VendingMachine      ; work         ;
;    |SevenSegDecoder:seven_seg1|          ; 7 (7)               ; 0 (0)                     ; 0           ; 0          ; 0            ; 0       ; 0         ; 0    ; 0            ; 0          ; |VendingMachine|SevenSegDecoder:seven_seg1                                                                      ; SevenSegDecoder     ; work         ;
;    |SevenSegDecoder:seven_seg2|          ; 7 (7)               ; 0 (0)                     ; 0           ; 0          ; 0            ; 0       ; 0         ; 0    ; 0            ; 0          ; |VendingMachine|SevenSegDecoder:seven_seg2                                                                      ; SevenSegDecoder     ; work         ;
;    |SevenSegDecoder:seven_seg3|          ; 7 (7)               ; 0 (0)                     ; 0           ; 0          ; 0            ; 0       ; 0         ; 0    ; 0            ; 0          ; |VendingMachine|SevenSegDecoder:seven_seg3                                                                      ; SevenSegDecoder     ; work         ;
;    |SevenSegDecoder:seven_seg4|          ; 7 (7)               ; 0 (0)                     ; 0           ; 0          ; 0            ; 0       ; 0         ; 0    ; 0            ; 0          ; |VendingMachine|SevenSegDecoder:seven_seg4                                                                      ; SevenSegDecoder     ; work         ;
;    |debounce:debounce_button1|           ; 44 (44)             ; 34 (34)                   ; 0           ; 0          ; 0            ; 0       ; 0         ; 0    ; 0            ; 0          ; |VendingMachine|debounce:debounce_button1                                                                       ; debounce            ; work         ;
;    |debounce:debounce_button2|           ; 44 (44)             ; 34 (34)                   ; 0           ; 0          ; 0            ; 0       ; 0         ; 0    ; 0            ; 0          ; |VendingMachine|debounce:debounce_button2                                                                       ; debounce            ; work         ;
;    |edge_detector:edge_detector_button1| ; 1 (1)               ; 2 (2)                     ; 0           ; 0          ; 0            ; 0       ; 0         ; 0    ; 0            ; 0          ; |VendingMachine|edge_detector:edge_detector_button1                                                             ; edge_detector       ; work         ;
;    |edge_detector:edge_detector_button2| ; 1 (1)               ; 2 (2)                     ; 0           ; 0          ; 0            ; 0       ; 0         ; 0    ; 0            ; 0          ; |VendingMachine|edge_detector:edge_detector_button2                                                             ; edge_detector       ; work         ;
;    |lpm_divide:Div0|                     ; 190 (0)             ; 0 (0)                     ; 0           ; 0          ; 0            ; 0       ; 0         ; 0    ; 0            ; 0          ; |VendingMachine|lpm_divide:Div0                                                                                 ; lpm_divide          ; work         ;
;       |lpm_divide_5vl:auto_generated|    ; 190 (0)             ; 0 (0)                     ; 0           ; 0          ; 0            ; 0       ; 0         ; 0    ; 0            ; 0          ; |VendingMachine|lpm_divide:Div0|lpm_divide_5vl:auto_generated                                                   ; lpm_divide_5vl      ; work         ;
;          |sign_div_unsign_7nh:divider|   ; 190 (0)             ; 0 (0)                     ; 0           ; 0          ; 0            ; 0       ; 0         ; 0    ; 0            ; 0          ; |VendingMachine|lpm_divide:Div0|lpm_divide_5vl:auto_generated|sign_div_unsign_7nh:divider                       ; sign_div_unsign_7nh ; work         ;
;             |alt_u_div_oke:divider|      ; 190 (190)           ; 0 (0)                     ; 0           ; 0          ; 0            ; 0       ; 0         ; 0    ; 0            ; 0          ; |VendingMachine|lpm_divide:Div0|lpm_divide_5vl:auto_generated|sign_div_unsign_7nh:divider|alt_u_div_oke:divider ; alt_u_div_oke       ; work         ;
;    |lpm_divide:Div1|                     ; 207 (0)             ; 0 (0)                     ; 0           ; 0          ; 0            ; 0       ; 0         ; 0    ; 0            ; 0          ; |VendingMachine|lpm_divide:Div1                                                                                 ; lpm_divide          ; work         ;
;       |lpm_divide_rtl:auto_generated|    ; 207 (0)             ; 0 (0)                     ; 0           ; 0          ; 0            ; 0       ; 0         ; 0    ; 0            ; 0          ; |VendingMachine|lpm_divide:Div1|lpm_divide_rtl:auto_generated                                                   ; lpm_divide_rtl      ; work         ;
;          |sign_div_unsign_tlh:divider|   ; 207 (0)             ; 0 (0)                     ; 0           ; 0          ; 0            ; 0       ; 0         ; 0    ; 0            ; 0          ; |VendingMachine|lpm_divide:Div1|lpm_divide_rtl:auto_generated|sign_div_unsign_tlh:divider                       ; sign_div_unsign_tlh ; work         ;
;             |alt_u_div_4ie:divider|      ; 207 (207)           ; 0 (0)                     ; 0           ; 0          ; 0            ; 0       ; 0         ; 0    ; 0            ; 0          ; |VendingMachine|lpm_divide:Div1|lpm_divide_rtl:auto_generated|sign_div_unsign_tlh:divider|alt_u_div_4ie:divider ; alt_u_div_4ie       ; work         ;
;    |lpm_divide:Div2|                     ; 166 (0)             ; 0 (0)                     ; 0           ; 0          ; 0            ; 0       ; 0         ; 0    ; 0            ; 0          ; |VendingMachine|lpm_divide:Div2                                                                                 ; lpm_divide          ; work         ;
;       |lpm_divide_otl:auto_generated|    ; 166 (0)             ; 0 (0)                     ; 0           ; 0          ; 0            ; 0       ; 0         ; 0    ; 0            ; 0          ; |VendingMachine|lpm_divide:Div2|lpm_divide_otl:auto_generated                                                   ; lpm_divide_otl      ; work         ;
;          |sign_div_unsign_qlh:divider|   ; 166 (0)             ; 0 (0)                     ; 0           ; 0          ; 0            ; 0       ; 0         ; 0    ; 0            ; 0          ; |VendingMachine|lpm_divide:Div2|lpm_divide_otl:auto_generated|sign_div_unsign_qlh:divider                       ; sign_div_unsign_qlh ; work         ;
;             |alt_u_div_uhe:divider|      ; 166 (166)           ; 0 (0)                     ; 0           ; 0          ; 0            ; 0       ; 0         ; 0    ; 0            ; 0          ; |VendingMachine|lpm_divide:Div2|lpm_divide_otl:auto_generated|sign_div_unsign_qlh:divider|alt_u_div_uhe:divider ; alt_u_div_uhe       ; work         ;
;    |lpm_divide:Mod0|                     ; 48 (0)              ; 0 (0)                     ; 0           ; 0          ; 0            ; 0       ; 0         ; 0    ; 0            ; 0          ; |VendingMachine|lpm_divide:Mod0                                                                                 ; lpm_divide          ; work         ;
;       |lpm_divide_rll:auto_generated|    ; 48 (0)              ; 0 (0)                     ; 0           ; 0          ; 0            ; 0       ; 0         ; 0    ; 0            ; 0          ; |VendingMachine|lpm_divide:Mod0|lpm_divide_rll:auto_generated                                                   ; lpm_divide_rll      ; work         ;
;          |sign_div_unsign_qlh:divider|   ; 48 (0)              ; 0 (0)                     ; 0           ; 0          ; 0            ; 0       ; 0         ; 0    ; 0            ; 0          ; |VendingMachine|lpm_divide:Mod0|lpm_divide_rll:auto_generated|sign_div_unsign_qlh:divider                       ; sign_div_unsign_qlh ; work         ;
;             |alt_u_div_uhe:divider|      ; 48 (48)             ; 0 (0)                     ; 0           ; 0          ; 0            ; 0       ; 0         ; 0    ; 0            ; 0          ; |VendingMachine|lpm_divide:Mod0|lpm_divide_rll:auto_generated|sign_div_unsign_qlh:divider|alt_u_div_uhe:divider ; alt_u_div_uhe       ; work         ;
;    |lpm_divide:Mod1|                     ; 90 (0)              ; 0 (0)                     ; 0           ; 0          ; 0            ; 0       ; 0         ; 0    ; 0            ; 0          ; |VendingMachine|lpm_divide:Mod1                                                                                 ; lpm_divide          ; work         ;
;       |lpm_divide_rll:auto_generated|    ; 90 (0)              ; 0 (0)                     ; 0           ; 0          ; 0            ; 0       ; 0         ; 0    ; 0            ; 0          ; |VendingMachine|lpm_divide:Mod1|lpm_divide_rll:auto_generated                                                   ; lpm_divide_rll      ; work         ;
;          |sign_div_unsign_qlh:divider|   ; 90 (0)              ; 0 (0)                     ; 0           ; 0          ; 0            ; 0       ; 0         ; 0    ; 0            ; 0          ; |VendingMachine|lpm_divide:Mod1|lpm_divide_rll:auto_generated|sign_div_unsign_qlh:divider                       ; sign_div_unsign_qlh ; work         ;
;             |alt_u_div_uhe:divider|      ; 90 (90)             ; 0 (0)                     ; 0           ; 0          ; 0            ; 0       ; 0         ; 0    ; 0            ; 0          ; |VendingMachine|lpm_divide:Mod1|lpm_divide_rll:auto_generated|sign_div_unsign_qlh:divider|alt_u_div_uhe:divider ; alt_u_div_uhe       ; work         ;
;    |lpm_divide:Mod2|                     ; 132 (0)             ; 0 (0)                     ; 0           ; 0          ; 0            ; 0       ; 0         ; 0    ; 0            ; 0          ; |VendingMachine|lpm_divide:Mod2                                                                                 ; lpm_divide          ; work         ;
;       |lpm_divide_rll:auto_generated|    ; 132 (0)             ; 0 (0)                     ; 0           ; 0          ; 0            ; 0       ; 0         ; 0    ; 0            ; 0          ; |VendingMachine|lpm_divide:Mod2|lpm_divide_rll:auto_generated                                                   ; lpm_divide_rll      ; work         ;
;          |sign_div_unsign_qlh:divider|   ; 132 (0)             ; 0 (0)                     ; 0           ; 0          ; 0            ; 0       ; 0         ; 0    ; 0            ; 0          ; |VendingMachine|lpm_divide:Mod2|lpm_divide_rll:auto_generated|sign_div_unsign_qlh:divider                       ; sign_div_unsign_qlh ; work         ;
;             |alt_u_div_uhe:divider|      ; 132 (132)           ; 0 (0)                     ; 0           ; 0          ; 0            ; 0       ; 0         ; 0    ; 0            ; 0          ; |VendingMachine|lpm_divide:Mod2|lpm_divide_rll:auto_generated|sign_div_unsign_qlh:divider|alt_u_div_uhe:divider ; alt_u_div_uhe       ; work         ;
;    |lpm_divide:Mod3|                     ; 169 (0)             ; 0 (0)                     ; 0           ; 0          ; 0            ; 0       ; 0         ; 0    ; 0            ; 0          ; |VendingMachine|lpm_divide:Mod3                                                                                 ; lpm_divide          ; work         ;
;       |lpm_divide_rll:auto_generated|    ; 169 (0)             ; 0 (0)                     ; 0           ; 0          ; 0            ; 0       ; 0         ; 0    ; 0            ; 0          ; |VendingMachine|lpm_divide:Mod3|lpm_divide_rll:auto_generated                                                   ; lpm_divide_rll      ; work         ;
;          |sign_div_unsign_qlh:divider|   ; 169 (0)             ; 0 (0)                     ; 0           ; 0          ; 0            ; 0       ; 0         ; 0    ; 0            ; 0          ; |VendingMachine|lpm_divide:Mod3|lpm_divide_rll:auto_generated|sign_div_unsign_qlh:divider                       ; sign_div_unsign_qlh ; work         ;
;             |alt_u_div_uhe:divider|      ; 169 (169)           ; 0 (0)                     ; 0           ; 0          ; 0            ; 0       ; 0         ; 0    ; 0            ; 0          ; |VendingMachine|lpm_divide:Mod3|lpm_divide_rll:auto_generated|sign_div_unsign_qlh:divider|alt_u_div_uhe:divider ; alt_u_div_uhe       ; work         ;
+------------------------------------------+---------------------+---------------------------+-------------+------------+--------------+---------+-----------+------+--------------+------------+-----------------------------------------------------------------------------------------------------------------+---------------------+--------------+
Note: For table entries with two numbers listed, the numbers in parentheses indicate the number of resources of the given type used by the specific entity alone. The numbers listed outside of parentheses indicate the total resources of the given type used by the specific entity and all of its sub-entities in the hierarchy.


+------------------------------------------------------+
; General Register Statistics                          ;
+----------------------------------------------+-------+
; Statistic                                    ; Value ;
+----------------------------------------------+-------+
; Total registers                              ; 122   ;
; Number of registers using Synchronous Clear  ; 64    ;
; Number of registers using Synchronous Load   ; 9     ;
; Number of registers using Asynchronous Clear ; 122   ;
; Number of registers using Asynchronous Load  ; 0     ;
; Number of registers using Clock Enable       ; 69    ;
; Number of registers using Preset             ; 0     ;
+----------------------------------------------+-------+


+----------------------------------------------------------+
; Inverted Register Statistics                             ;
+------------------------------------------------+---------+
; Inverted Register                              ; Fan out ;
+------------------------------------------------+---------+
; credits[9]                                     ; 19      ;
; credits[8]                                     ; 18      ;
; credits[7]                                     ; 19      ;
; credits[6]                                     ; 18      ;
; credits[5]                                     ; 18      ;
; credits[3]                                     ; 16      ;
; debounce:debounce_button1|ButtonOut            ; 3       ;
; edge_detector:edge_detector_button1|SignalIn_d ; 1       ;
; debounce:debounce_button2|ButtonOut            ; 3       ;
; edge_detector:edge_detector_button2|SignalIn_d ; 1       ;
; debounce:debounce_button1|stable_state         ; 1       ;
; debounce:debounce_button2|stable_state         ; 1       ;
; Total number of inverted registers = 12        ;         ;
+------------------------------------------------+---------+


+---------------------------------------------------------------------------------------------------------------------------------------------------------------------+
; Multiplexer Restructuring Statistics (Restructuring Performed)                                                                                                      ;
+--------------------+-----------+---------------+----------------------+------------------------+------------+-------------------------------------------------------+
; Multiplexer Inputs ; Bus Width ; Baseline Area ; Area if Restructured ; Saving if Restructured ; Registered ; Example Multiplexer Output                            ;
+--------------------+-----------+---------------+----------------------+------------------------+------------+-------------------------------------------------------+
; 3:1                ; 2 bits    ; 4 LEs         ; 2 LEs                ; 2 LEs                  ; Yes        ; |VendingMachine|credits[1]                            ;
; 3:1                ; 32 bits   ; 64 LEs        ; 32 LEs               ; 32 LEs                 ; Yes        ; |VendingMachine|debounce:debounce_button1|counter[7]  ;
; 3:1                ; 32 bits   ; 64 LEs        ; 32 LEs               ; 32 LEs                 ; Yes        ; |VendingMachine|debounce:debounce_button2|counter[15] ;
; 4:1                ; 8 bits    ; 16 LEs        ; 16 LEs               ; 0 LEs                  ; Yes        ; |VendingMachine|credits[12]                           ;
; 4:1                ; 6 bits    ; 12 LEs        ; 12 LEs               ; 0 LEs                  ; Yes        ; |VendingMachine|credits[3]                            ;
+--------------------+-----------+---------------+----------------------+------------------------+------------+-------------------------------------------------------+


+--------------------------------------------------------------------------------+
; Parameter Settings for User Entity Instance: Top-level Entity: |VendingMachine ;
+----------------+----------+----------------------------------------------------+
; Parameter Name ; Value    ; Type                                               ;
+----------------+----------+----------------------------------------------------+
; ClockFrequency ; 50000000 ; Signed Integer                                     ;
+----------------+----------+----------------------------------------------------+
Note: In order to hide this table in the UI and the text report file, please set the "Show Parameter Settings in Synthesis Report" option in "Analysis and Synthesis Settings -> More Settings" to "Off".


+------------------------------------------------------------------------+
; Parameter Settings for User Entity Instance: debounce:debounce_button1 ;
+----------------+----------+--------------------------------------------+
; Parameter Name ; Value    ; Type                                       ;
+----------------+----------+--------------------------------------------+
; ClockFrequency ; 50000000 ; Signed Integer                             ;
; DebounceTimeMs ; 20       ; Signed Integer                             ;
+----------------+----------+--------------------------------------------+
Note: In order to hide this table in the UI and the text report file, please set the "Show Parameter Settings in Synthesis Report" option in "Analysis and Synthesis Settings -> More Settings" to "Off".


+------------------------------------------------------------------------+
; Parameter Settings for User Entity Instance: debounce:debounce_button2 ;
+----------------+----------+--------------------------------------------+
; Parameter Name ; Value    ; Type                                       ;
+----------------+----------+--------------------------------------------+
; ClockFrequency ; 50000000 ; Signed Integer                             ;
; DebounceTimeMs ; 20       ; Signed Integer                             ;
+----------------+----------+--------------------------------------------+
Note: In order to hide this table in the UI and the text report file, please set the "Show Parameter Settings in Synthesis Report" option in "Analysis and Synthesis Settings -> More Settings" to "Off".


+------------------------------------------------------------------+
; Parameter Settings for Inferred Entity Instance: lpm_divide:Mod3 ;
+------------------------+----------------+------------------------+
; Parameter Name         ; Value          ; Type                   ;
+------------------------+----------------+------------------------+
; LPM_WIDTHN             ; 16             ; Untyped                ;
; LPM_WIDTHD             ; 4              ; Untyped                ;
; LPM_NREPRESENTATION    ; UNSIGNED       ; Untyped                ;
; LPM_DREPRESENTATION    ; UNSIGNED       ; Untyped                ;
; LPM_PIPELINE           ; 0              ; Untyped                ;
; LPM_REMAINDERPOSITIVE  ; TRUE           ; Untyped                ;
; MAXIMIZE_SPEED         ; 5              ; Untyped                ;
; CBXI_PARAMETER         ; lpm_divide_rll ; Untyped                ;
; CARRY_CHAIN            ; MANUAL         ; Untyped                ;
; OPTIMIZE_FOR_SPEED     ; 5              ; Untyped                ;
; AUTO_CARRY_CHAINS      ; ON             ; AUTO_CARRY             ;
; IGNORE_CARRY_BUFFERS   ; OFF            ; IGNORE_CARRY           ;
; AUTO_CASCADE_CHAINS    ; ON             ; AUTO_CASCADE           ;
; IGNORE_CASCADE_BUFFERS ; OFF            ; IGNORE_CASCADE         ;
+------------------------+----------------+------------------------+
Note: In order to hide this table in the UI and the text report file, please set the "Show Parameter Settings in Synthesis Report" option in "Analysis and Synthesis Settings -> More Settings" to "Off".


+------------------------------------------------------------------+
; Parameter Settings for Inferred Entity Instance: lpm_divide:Div2 ;
+------------------------+----------------+------------------------+
; Parameter Name         ; Value          ; Type                   ;
+------------------------+----------------+------------------------+
; LPM_WIDTHN             ; 16             ; Untyped                ;
; LPM_WIDTHD             ; 4              ; Untyped                ;
; LPM_NREPRESENTATION    ; UNSIGNED       ; Untyped                ;
; LPM_DREPRESENTATION    ; UNSIGNED       ; Untyped                ;
; LPM_PIPELINE           ; 0              ; Untyped                ;
; LPM_REMAINDERPOSITIVE  ; TRUE           ; Untyped                ;
; MAXIMIZE_SPEED         ; 5              ; Untyped                ;
; CBXI_PARAMETER         ; lpm_divide_otl ; Untyped                ;
; CARRY_CHAIN            ; MANUAL         ; Untyped                ;
; OPTIMIZE_FOR_SPEED     ; 5              ; Untyped                ;
; AUTO_CARRY_CHAINS      ; ON             ; AUTO_CARRY             ;
; IGNORE_CARRY_BUFFERS   ; OFF            ; IGNORE_CARRY           ;
; AUTO_CASCADE_CHAINS    ; ON             ; AUTO_CASCADE           ;
; IGNORE_CASCADE_BUFFERS ; OFF            ; IGNORE_CASCADE         ;
+------------------------+----------------+------------------------+
Note: In order to hide this table in the UI and the text report file, please set the "Show Parameter Settings in Synthesis Report" option in "Analysis and Synthesis Settings -> More Settings" to "Off".


+------------------------------------------------------------------+
; Parameter Settings for Inferred Entity Instance: lpm_divide:Mod2 ;
+------------------------+----------------+------------------------+
; Parameter Name         ; Value          ; Type                   ;
+------------------------+----------------+------------------------+
; LPM_WIDTHN             ; 16             ; Untyped                ;
; LPM_WIDTHD             ; 4              ; Untyped                ;
; LPM_NREPRESENTATION    ; UNSIGNED       ; Untyped                ;
; LPM_DREPRESENTATION    ; UNSIGNED       ; Untyped                ;
; LPM_PIPELINE           ; 0              ; Untyped                ;
; LPM_REMAINDERPOSITIVE  ; TRUE           ; Untyped                ;
; MAXIMIZE_SPEED         ; 5              ; Untyped                ;
; CBXI_PARAMETER         ; lpm_divide_rll ; Untyped                ;
; CARRY_CHAIN            ; MANUAL         ; Untyped                ;
; OPTIMIZE_FOR_SPEED     ; 5              ; Untyped                ;
; AUTO_CARRY_CHAINS      ; ON             ; AUTO_CARRY             ;
; IGNORE_CARRY_BUFFERS   ; OFF            ; IGNORE_CARRY           ;
; AUTO_CASCADE_CHAINS    ; ON             ; AUTO_CASCADE           ;
; IGNORE_CASCADE_BUFFERS ; OFF            ; IGNORE_CASCADE         ;
+------------------------+----------------+------------------------+
Note: In order to hide this table in the UI and the text report file, please set the "Show Parameter Settings in Synthesis Report" option in "Analysis and Synthesis Settings -> More Settings" to "Off".


+------------------------------------------------------------------+
; Parameter Settings for Inferred Entity Instance: lpm_divide:Div1 ;
+------------------------+----------------+------------------------+
; Parameter Name         ; Value          ; Type                   ;
+------------------------+----------------+------------------------+
; LPM_WIDTHN             ; 16             ; Untyped                ;
; LPM_WIDTHD             ; 7              ; Untyped                ;
; LPM_NREPRESENTATION    ; UNSIGNED       ; Untyped                ;
; LPM_DREPRESENTATION    ; UNSIGNED       ; Untyped                ;
; LPM_PIPELINE           ; 0              ; Untyped                ;
; LPM_REMAINDERPOSITIVE  ; TRUE           ; Untyped                ;
; MAXIMIZE_SPEED         ; 5              ; Untyped                ;
; CBXI_PARAMETER         ; lpm_divide_rtl ; Untyped                ;
; CARRY_CHAIN            ; MANUAL         ; Untyped                ;
; OPTIMIZE_FOR_SPEED     ; 5              ; Untyped                ;
; AUTO_CARRY_CHAINS      ; ON             ; AUTO_CARRY             ;
; IGNORE_CARRY_BUFFERS   ; OFF            ; IGNORE_CARRY           ;
; AUTO_CASCADE_CHAINS    ; ON             ; AUTO_CASCADE           ;
; IGNORE_CASCADE_BUFFERS ; OFF            ; IGNORE_CASCADE         ;
+------------------------+----------------+------------------------+
Note: In order to hide this table in the UI and the text report file, please set the "Show Parameter Settings in Synthesis Report" option in "Analysis and Synthesis Settings -> More Settings" to "Off".


+------------------------------------------------------------------+
; Parameter Settings for Inferred Entity Instance: lpm_divide:Mod1 ;
+------------------------+----------------+------------------------+
; Parameter Name         ; Value          ; Type                   ;
+------------------------+----------------+------------------------+
; LPM_WIDTHN             ; 16             ; Untyped                ;
; LPM_WIDTHD             ; 4              ; Untyped                ;
; LPM_NREPRESENTATION    ; UNSIGNED       ; Untyped                ;
; LPM_DREPRESENTATION    ; UNSIGNED       ; Untyped                ;
; LPM_PIPELINE           ; 0              ; Untyped                ;
; LPM_REMAINDERPOSITIVE  ; TRUE           ; Untyped                ;
; MAXIMIZE_SPEED         ; 5              ; Untyped                ;
; CBXI_PARAMETER         ; lpm_divide_rll ; Untyped                ;
; CARRY_CHAIN            ; MANUAL         ; Untyped                ;
; OPTIMIZE_FOR_SPEED     ; 5              ; Untyped                ;
; AUTO_CARRY_CHAINS      ; ON             ; AUTO_CARRY             ;
; IGNORE_CARRY_BUFFERS   ; OFF            ; IGNORE_CARRY           ;
; AUTO_CASCADE_CHAINS    ; ON             ; AUTO_CASCADE           ;
; IGNORE_CASCADE_BUFFERS ; OFF            ; IGNORE_CASCADE         ;
+------------------------+----------------+------------------------+
Note: In order to hide this table in the UI and the text report file, please set the "Show Parameter Settings in Synthesis Report" option in "Analysis and Synthesis Settings -> More Settings" to "Off".


+------------------------------------------------------------------+
; Parameter Settings for Inferred Entity Instance: lpm_divide:Div0 ;
+------------------------+----------------+------------------------+
; Parameter Name         ; Value          ; Type                   ;
+------------------------+----------------+------------------------+
; LPM_WIDTHN             ; 16             ; Untyped                ;
; LPM_WIDTHD             ; 10             ; Untyped                ;
; LPM_NREPRESENTATION    ; UNSIGNED       ; Untyped                ;
; LPM_DREPRESENTATION    ; UNSIGNED       ; Untyped                ;
; LPM_PIPELINE           ; 0              ; Untyped                ;
; LPM_REMAINDERPOSITIVE  ; TRUE           ; Untyped                ;
; MAXIMIZE_SPEED         ; 5              ; Untyped                ;
; CBXI_PARAMETER         ; lpm_divide_5vl ; Untyped                ;
; CARRY_CHAIN            ; MANUAL         ; Untyped                ;
; OPTIMIZE_FOR_SPEED     ; 5              ; Untyped                ;
; AUTO_CARRY_CHAINS      ; ON             ; AUTO_CARRY             ;
; IGNORE_CARRY_BUFFERS   ; OFF            ; IGNORE_CARRY           ;
; AUTO_CASCADE_CHAINS    ; ON             ; AUTO_CASCADE           ;
; IGNORE_CASCADE_BUFFERS ; OFF            ; IGNORE_CASCADE         ;
+------------------------+----------------+------------------------+
Note: In order to hide this table in the UI and the text report file, please set the "Show Parameter Settings in Synthesis Report" option in "Analysis and Synthesis Settings -> More Settings" to "Off".


+------------------------------------------------------------------+
; Parameter Settings for Inferred Entity Instance: lpm_divide:Mod0 ;
+------------------------+----------------+------------------------+
; Parameter Name         ; Value          ; Type                   ;
+------------------------+----------------+------------------------+
; LPM_WIDTHN             ; 16             ; Untyped                ;
; LPM_WIDTHD             ; 4              ; Untyped                ;
; LPM_NREPRESENTATION    ; UNSIGNED       ; Untyped                ;
; LPM_DREPRESENTATION    ; UNSIGNED       ; Untyped                ;
; LPM_PIPELINE           ; 0              ; Untyped                ;
; LPM_REMAINDERPOSITIVE  ; TRUE           ; Untyped                ;
; MAXIMIZE_SPEED         ; 5              ; Untyped                ;
; CBXI_PARAMETER         ; lpm_divide_rll ; Untyped                ;
; CARRY_CHAIN            ; MANUAL         ; Untyped                ;
; OPTIMIZE_FOR_SPEED     ; 5              ; Untyped                ;
; AUTO_CARRY_CHAINS      ; ON             ; AUTO_CARRY             ;
; IGNORE_CARRY_BUFFERS   ; OFF            ; IGNORE_CARRY           ;
; AUTO_CASCADE_CHAINS    ; ON             ; AUTO_CASCADE           ;
; IGNORE_CASCADE_BUFFERS ; OFF            ; IGNORE_CASCADE         ;
+------------------------+----------------+------------------------+
Note: In order to hide this table in the UI and the text report file, please set the "Show Parameter Settings in Synthesis Report" option in "Analysis and Synthesis Settings -> More Settings" to "Off".


+-----------------------------------------------------+
; Post-Synthesis Netlist Statistics for Top Partition ;
+-----------------------+-----------------------------+
; Type                  ; Count                       ;
+-----------------------+-----------------------------+
; boundary_port         ; 35                          ;
; cycloneiii_ff         ; 122                         ;
;     CLR               ; 44                          ;
;     CLR SLD           ; 9                           ;
;     ENA CLR           ; 5                           ;
;     ENA CLR SCLR      ; 64                          ;
; cycloneiii_lcell_comb ; 1271                        ;
;     arith             ; 421                         ;
;         1 data inputs ; 3                           ;
;         2 data inputs ; 148                         ;
;         3 data inputs ; 270                         ;
;     normal            ; 850                         ;
;         0 data inputs ; 64                          ;
;         1 data inputs ; 55                          ;
;         2 data inputs ; 427                         ;
;         3 data inputs ; 15                          ;
;         4 data inputs ; 289                         ;
;                       ;                             ;
; Max LUT depth         ; 34.10                       ;
; Average LUT depth     ; 22.42                       ;
+-----------------------+-----------------------------+


+-------------------------------+
; Elapsed Time Per Partition    ;
+----------------+--------------+
; Partition Name ; Elapsed Time ;
+----------------+--------------+
; Top            ; 00:00:00     ;
+----------------+--------------+


+-------------------------------+
; Analysis & Synthesis Messages ;
+-------------------------------+
Info: *******************************************************************
Info: Running Quartus Prime Analysis & Synthesis
    Info: Version 23.1std.0 Build 991 11/28/2023 SC Lite Edition
    Info: Processing started: Sat Jan  4 21:26:33 2025
Info: Command: quartus_map --read_settings_files=on --write_settings_files=off VendingMachine -c VendingMachine
Warning (18236): Number of processors has not been specified which may cause overloading on shared machines.  Set the global assignment NUM_PARALLEL_PROCESSORS in your QSF to an appropriate value for best performance.
Info (20030): Parallel compilation is enabled and will use 16 of the 24 processors detected
Info (12021): Found 1 design units, including 1 entities, in source file vendingmachine.v
    Info (12023): Found entity 1: VendingMachine File: C:/QuartusProjects/VendingMachine/VendingMachine.v Line: 1
Warning (12019): Can't analyze file -- file binaryToBcd.v is missing
Warning (12019): Can't analyze file -- file bcdTo7seg.v is missing
Info (12021): Found 1 design units, including 1 entities, in source file debounce.v
    Info (12023): Found entity 1: debounce File: C:/QuartusProjects/VendingMachine/debounce.v Line: 1
Info (12021): Found 1 design units, including 1 entities, in source file edgedetector.v
    Info (12023): Found entity 1: edge_detector File: C:/QuartusProjects/VendingMachine/edgeDetector.v Line: 1
Info (12021): Found 1 design units, including 1 entities, in source file sevensegdecoder.v
    Info (12023): Found entity 1: SevenSegDecoder File: C:/QuartusProjects/VendingMachine/SevenSegDecoder.v Line: 1
Warning (10222): Verilog HDL Parameter Declaration warning at VendingMachine.v(18): Parameter Declaration in module "VendingMachine" behaves as a Local Parameter Declaration because the module has a Module Parameter Port List File: C:/QuartusProjects/VendingMachine/VendingMachine.v Line: 18
Warning (10222): Verilog HDL Parameter Declaration warning at VendingMachine.v(19): Parameter Declaration in module "VendingMachine" behaves as a Local Parameter Declaration because the module has a Module Parameter Port List File: C:/QuartusProjects/VendingMachine/VendingMachine.v Line: 19
Info (12127): Elaborating entity "VendingMachine" for the top level hierarchy
Warning (10230): Verilog HDL assignment warning at VendingMachine.v(92): truncated value with size 32 to match size of target (4) File: C:/QuartusProjects/VendingMachine/VendingMachine.v Line: 92
Warning (10230): Verilog HDL assignment warning at VendingMachine.v(93): truncated value with size 32 to match size of target (4) File: C:/QuartusProjects/VendingMachine/VendingMachine.v Line: 93
Warning (10230): Verilog HDL assignment warning at VendingMachine.v(94): truncated value with size 32 to match size of target (4) File: C:/QuartusProjects/VendingMachine/VendingMachine.v Line: 94
Warning (10230): Verilog HDL assignment warning at VendingMachine.v(95): truncated value with size 32 to match size of target (4) File: C:/QuartusProjects/VendingMachine/VendingMachine.v Line: 95
Warning (10230): Verilog HDL assignment warning at VendingMachine.v(112): truncated value with size 32 to match size of target (16) File: C:/QuartusProjects/VendingMachine/VendingMachine.v Line: 112
Warning (10230): Verilog HDL assignment warning at VendingMachine.v(122): truncated value with size 32 to match size of target (16) File: C:/QuartusProjects/VendingMachine/VendingMachine.v Line: 122
Warning (10230): Verilog HDL assignment warning at VendingMachine.v(128): truncated value with size 32 to match size of target (16) File: C:/QuartusProjects/VendingMachine/VendingMachine.v Line: 128
Info (12128): Elaborating entity "debounce" for hierarchy "debounce:debounce_button1" File: C:/QuartusProjects/VendingMachine/VendingMachine.v Line: 43
Info (12128): Elaborating entity "edge_detector" for hierarchy "edge_detector:edge_detector_button1" File: C:/QuartusProjects/VendingMachine/VendingMachine.v Line: 61
Info (12128): Elaborating entity "SevenSegDecoder" for hierarchy "SevenSegDecoder:seven_seg1" File: C:/QuartusProjects/VendingMachine/VendingMachine.v Line: 74
Info (278001): Inferred 7 megafunctions from design logic
    Info (278004): Inferred divider/modulo megafunction ("lpm_divide") from the following logic: "Mod3" File: C:/QuartusProjects/VendingMachine/VendingMachine.v Line: 95
    Info (278004): Inferred divider/modulo megafunction ("lpm_divide") from the following logic: "Div2" File: C:/QuartusProjects/VendingMachine/VendingMachine.v Line: 94
    Info (278004): Inferred divider/modulo megafunction ("lpm_divide") from the following logic: "Mod2" File: C:/QuartusProjects/VendingMachine/VendingMachine.v Line: 94
    Info (278004): Inferred divider/modulo megafunction ("lpm_divide") from the following logic: "Div1" File: C:/QuartusProjects/VendingMachine/VendingMachine.v Line: 93
    Info (278004): Inferred divider/modulo megafunction ("lpm_divide") from the following logic: "Mod1" File: C:/QuartusProjects/VendingMachine/VendingMachine.v Line: 93
    Info (278004): Inferred divider/modulo megafunction ("lpm_divide") from the following logic: "Div0" File: C:/QuartusProjects/VendingMachine/VendingMachine.v Line: 92
    Info (278004): Inferred divider/modulo megafunction ("lpm_divide") from the following logic: "Mod0" File: C:/QuartusProjects/VendingMachine/VendingMachine.v Line: 92
Info (12130): Elaborated megafunction instantiation "lpm_divide:Mod3" File: C:/QuartusProjects/VendingMachine/VendingMachine.v Line: 95
Info (12133): Instantiated megafunction "lpm_divide:Mod3" with the following parameter: File: C:/QuartusProjects/VendingMachine/VendingMachine.v Line: 95
    Info (12134): Parameter "LPM_WIDTHN" = "16"
    Info (12134): Parameter "LPM_WIDTHD" = "4"
    Info (12134): Parameter "LPM_NREPRESENTATION" = "UNSIGNED"
    Info (12134): Parameter "LPM_DREPRESENTATION" = "UNSIGNED"
Info (12021): Found 1 design units, including 1 entities, in source file db/lpm_divide_rll.tdf
    Info (12023): Found entity 1: lpm_divide_rll File: C:/QuartusProjects/VendingMachine/db/lpm_divide_rll.tdf Line: 25
Info (12021): Found 1 design units, including 1 entities, in source file db/sign_div_unsign_qlh.tdf
    Info (12023): Found entity 1: sign_div_unsign_qlh File: C:/QuartusProjects/VendingMachine/db/sign_div_unsign_qlh.tdf Line: 25
Info (12021): Found 1 design units, including 1 entities, in source file db/alt_u_div_uhe.tdf
    Info (12023): Found entity 1: alt_u_div_uhe File: C:/QuartusProjects/VendingMachine/db/alt_u_div_uhe.tdf Line: 27
Info (12021): Found 1 design units, including 1 entities, in source file db/add_sub_t3c.tdf
    Info (12023): Found entity 1: add_sub_t3c File: C:/QuartusProjects/VendingMachine/db/add_sub_t3c.tdf Line: 23
Info (12021): Found 1 design units, including 1 entities, in source file db/add_sub_u3c.tdf
    Info (12023): Found entity 1: add_sub_u3c File: C:/QuartusProjects/VendingMachine/db/add_sub_u3c.tdf Line: 23
Info (12130): Elaborated megafunction instantiation "lpm_divide:Div2" File: C:/QuartusProjects/VendingMachine/VendingMachine.v Line: 94
Info (12133): Instantiated megafunction "lpm_divide:Div2" with the following parameter: File: C:/QuartusProjects/VendingMachine/VendingMachine.v Line: 94
    Info (12134): Parameter "LPM_WIDTHN" = "16"
    Info (12134): Parameter "LPM_WIDTHD" = "4"
    Info (12134): Parameter "LPM_NREPRESENTATION" = "UNSIGNED"
    Info (12134): Parameter "LPM_DREPRESENTATION" = "UNSIGNED"
Info (12021): Found 1 design units, including 1 entities, in source file db/lpm_divide_otl.tdf
    Info (12023): Found entity 1: lpm_divide_otl File: C:/QuartusProjects/VendingMachine/db/lpm_divide_otl.tdf Line: 25
Info (12130): Elaborated megafunction instantiation "lpm_divide:Div1" File: C:/QuartusProjects/VendingMachine/VendingMachine.v Line: 93
Info (12133): Instantiated megafunction "lpm_divide:Div1" with the following parameter: File: C:/QuartusProjects/VendingMachine/VendingMachine.v Line: 93
    Info (12134): Parameter "LPM_WIDTHN" = "16"
    Info (12134): Parameter "LPM_WIDTHD" = "7"
    Info (12134): Parameter "LPM_NREPRESENTATION" = "UNSIGNED"
    Info (12134): Parameter "LPM_DREPRESENTATION" = "UNSIGNED"
Info (12021): Found 1 design units, including 1 entities, in source file db/lpm_divide_rtl.tdf
    Info (12023): Found entity 1: lpm_divide_rtl File: C:/QuartusProjects/VendingMachine/db/lpm_divide_rtl.tdf Line: 25
Info (12021): Found 1 design units, including 1 entities, in source file db/sign_div_unsign_tlh.tdf
    Info (12023): Found entity 1: sign_div_unsign_tlh File: C:/QuartusProjects/VendingMachine/db/sign_div_unsign_tlh.tdf Line: 25
Info (12021): Found 1 design units, including 1 entities, in source file db/alt_u_div_4ie.tdf
    Info (12023): Found entity 1: alt_u_div_4ie File: C:/QuartusProjects/VendingMachine/db/alt_u_div_4ie.tdf Line: 27
Info (12130): Elaborated megafunction instantiation "lpm_divide:Div0" File: C:/QuartusProjects/VendingMachine/VendingMachine.v Line: 92
Info (12133): Instantiated megafunction "lpm_divide:Div0" with the following parameter: File: C:/QuartusProjects/VendingMachine/VendingMachine.v Line: 92
    Info (12134): Parameter "LPM_WIDTHN" = "16"
    Info (12134): Parameter "LPM_WIDTHD" = "10"
    Info (12134): Parameter "LPM_NREPRESENTATION" = "UNSIGNED"
    Info (12134): Parameter "LPM_DREPRESENTATION" = "UNSIGNED"
Info (12021): Found 1 design units, including 1 entities, in source file db/lpm_divide_5vl.tdf
    Info (12023): Found entity 1: lpm_divide_5vl File: C:/QuartusProjects/VendingMachine/db/lpm_divide_5vl.tdf Line: 25
Info (12021): Found 1 design units, including 1 entities, in source file db/sign_div_unsign_7nh.tdf
    Info (12023): Found entity 1: sign_div_unsign_7nh File: C:/QuartusProjects/VendingMachine/db/sign_div_unsign_7nh.tdf Line: 25
Info (12021): Found 1 design units, including 1 entities, in source file db/alt_u_div_oke.tdf
    Info (12023): Found entity 1: alt_u_div_oke File: C:/QuartusProjects/VendingMachine/db/alt_u_div_oke.tdf Line: 27
Info (13000): Registers with preset signals will power-up high File: C:/QuartusProjects/VendingMachine/debounce.v Line: 9
Info (13003): DEV_CLRn pin will set, and not reset, register with preset signal due to NOT Gate Push-Back
Info (286030): Timing-Driven Synthesis is running
Info (17016): Found the following redundant logic cells in design
    Info (17048): Logic cell "lpm_divide:Mod3|lpm_divide_rll:auto_generated|sign_div_unsign_qlh:divider|alt_u_div_uhe:divider|add_sub_6_result_int[0]~10" File: C:/QuartusProjects/VendingMachine/db/alt_u_div_uhe.tdf Line: 87
    Info (17048): Logic cell "lpm_divide:Mod3|lpm_divide_rll:auto_generated|sign_div_unsign_qlh:divider|alt_u_div_uhe:divider|add_sub_7_result_int[0]~10" File: C:/QuartusProjects/VendingMachine/db/alt_u_div_uhe.tdf Line: 92
    Info (17048): Logic cell "lpm_divide:Mod3|lpm_divide_rll:auto_generated|sign_div_unsign_qlh:divider|alt_u_div_uhe:divider|add_sub_8_result_int[0]~10" File: C:/QuartusProjects/VendingMachine/db/alt_u_div_uhe.tdf Line: 97
    Info (17048): Logic cell "lpm_divide:Mod3|lpm_divide_rll:auto_generated|sign_div_unsign_qlh:divider|alt_u_div_uhe:divider|add_sub_9_result_int[0]~10" File: C:/QuartusProjects/VendingMachine/db/alt_u_div_uhe.tdf Line: 102
    Info (17048): Logic cell "lpm_divide:Mod3|lpm_divide_rll:auto_generated|sign_div_unsign_qlh:divider|alt_u_div_uhe:divider|add_sub_10_result_int[0]~10" File: C:/QuartusProjects/VendingMachine/db/alt_u_div_uhe.tdf Line: 37
    Info (17048): Logic cell "lpm_divide:Mod3|lpm_divide_rll:auto_generated|sign_div_unsign_qlh:divider|alt_u_div_uhe:divider|add_sub_12_result_int[0]~10" File: C:/QuartusProjects/VendingMachine/db/alt_u_div_uhe.tdf Line: 47
    Info (17048): Logic cell "lpm_divide:Div2|lpm_divide_otl:auto_generated|sign_div_unsign_qlh:divider|alt_u_div_uhe:divider|add_sub_6_result_int[0]~10" File: C:/QuartusProjects/VendingMachine/db/alt_u_div_uhe.tdf Line: 87
    Info (17048): Logic cell "lpm_divide:Div2|lpm_divide_otl:auto_generated|sign_div_unsign_qlh:divider|alt_u_div_uhe:divider|add_sub_7_result_int[0]~10" File: C:/QuartusProjects/VendingMachine/db/alt_u_div_uhe.tdf Line: 92
    Info (17048): Logic cell "lpm_divide:Div2|lpm_divide_otl:auto_generated|sign_div_unsign_qlh:divider|alt_u_div_uhe:divider|add_sub_8_result_int[0]~10" File: C:/QuartusProjects/VendingMachine/db/alt_u_div_uhe.tdf Line: 97
    Info (17048): Logic cell "lpm_divide:Div2|lpm_divide_otl:auto_generated|sign_div_unsign_qlh:divider|alt_u_div_uhe:divider|add_sub_9_result_int[0]~10" File: C:/QuartusProjects/VendingMachine/db/alt_u_div_uhe.tdf Line: 102
    Info (17048): Logic cell "lpm_divide:Div2|lpm_divide_otl:auto_generated|sign_div_unsign_qlh:divider|alt_u_div_uhe:divider|add_sub_10_result_int[0]~10" File: C:/QuartusProjects/VendingMachine/db/alt_u_div_uhe.tdf Line: 37
    Info (17048): Logic cell "lpm_divide:Div2|lpm_divide_otl:auto_generated|sign_div_unsign_qlh:divider|alt_u_div_uhe:divider|add_sub_12_result_int[0]~10" File: C:/QuartusProjects/VendingMachine/db/alt_u_div_uhe.tdf Line: 47
    Info (17048): Logic cell "lpm_divide:Mod2|lpm_divide_rll:auto_generated|sign_div_unsign_qlh:divider|alt_u_div_uhe:divider|add_sub_15_result_int[0]~0" File: C:/QuartusProjects/VendingMachine/db/alt_u_div_uhe.tdf Line: 62
    Info (17048): Logic cell "lpm_divide:Mod2|lpm_divide_rll:auto_generated|sign_div_unsign_qlh:divider|alt_u_div_uhe:divider|add_sub_6_result_int[0]~10" File: C:/QuartusProjects/VendingMachine/db/alt_u_div_uhe.tdf Line: 87
    Info (17048): Logic cell "lpm_divide:Mod2|lpm_divide_rll:auto_generated|sign_div_unsign_qlh:divider|alt_u_div_uhe:divider|add_sub_7_result_int[0]~10" File: C:/QuartusProjects/VendingMachine/db/alt_u_div_uhe.tdf Line: 92
    Info (17048): Logic cell "lpm_divide:Mod2|lpm_divide_rll:auto_generated|sign_div_unsign_qlh:divider|alt_u_div_uhe:divider|add_sub_8_result_int[0]~10" File: C:/QuartusProjects/VendingMachine/db/alt_u_div_uhe.tdf Line: 97
    Info (17048): Logic cell "lpm_divide:Mod2|lpm_divide_rll:auto_generated|sign_div_unsign_qlh:divider|alt_u_div_uhe:divider|add_sub_9_result_int[0]~10" File: C:/QuartusProjects/VendingMachine/db/alt_u_div_uhe.tdf Line: 102
    Info (17048): Logic cell "lpm_divide:Mod2|lpm_divide_rll:auto_generated|sign_div_unsign_qlh:divider|alt_u_div_uhe:divider|add_sub_10_result_int[0]~10" File: C:/QuartusProjects/VendingMachine/db/alt_u_div_uhe.tdf Line: 37
    Info (17048): Logic cell "lpm_divide:Mod2|lpm_divide_rll:auto_generated|sign_div_unsign_qlh:divider|alt_u_div_uhe:divider|add_sub_11_result_int[0]~10" File: C:/QuartusProjects/VendingMachine/db/alt_u_div_uhe.tdf Line: 42
    Info (17048): Logic cell "lpm_divide:Mod2|lpm_divide_rll:auto_generated|sign_div_unsign_qlh:divider|alt_u_div_uhe:divider|add_sub_12_result_int[0]~10" File: C:/QuartusProjects/VendingMachine/db/alt_u_div_uhe.tdf Line: 47
    Info (17048): Logic cell "lpm_divide:Mod2|lpm_divide_rll:auto_generated|sign_div_unsign_qlh:divider|alt_u_div_uhe:divider|add_sub_13_result_int[0]~10" File: C:/QuartusProjects/VendingMachine/db/alt_u_div_uhe.tdf Line: 52
    Info (17048): Logic cell "lpm_divide:Mod2|lpm_divide_rll:auto_generated|sign_div_unsign_qlh:divider|alt_u_div_uhe:divider|add_sub_14_result_int[0]~10" File: C:/QuartusProjects/VendingMachine/db/alt_u_div_uhe.tdf Line: 57
    Info (17048): Logic cell "lpm_divide:Div1|lpm_divide_rtl:auto_generated|sign_div_unsign_tlh:divider|alt_u_div_4ie:divider|add_sub_6_result_int[0]~12" File: C:/QuartusProjects/VendingMachine/db/alt_u_div_4ie.tdf Line: 87
    Info (17048): Logic cell "lpm_divide:Div1|lpm_divide_rtl:auto_generated|sign_div_unsign_tlh:divider|alt_u_div_4ie:divider|add_sub_7_result_int[0]~16" File: C:/QuartusProjects/VendingMachine/db/alt_u_div_4ie.tdf Line: 92
    Info (17048): Logic cell "lpm_divide:Div1|lpm_divide_rtl:auto_generated|sign_div_unsign_tlh:divider|alt_u_div_4ie:divider|add_sub_8_result_int[0]~16" File: C:/QuartusProjects/VendingMachine/db/alt_u_div_4ie.tdf Line: 97
    Info (17048): Logic cell "lpm_divide:Div1|lpm_divide_rtl:auto_generated|sign_div_unsign_tlh:divider|alt_u_div_4ie:divider|add_sub_9_result_int[0]~16" File: C:/QuartusProjects/VendingMachine/db/alt_u_div_4ie.tdf Line: 102
    Info (17048): Logic cell "lpm_divide:Div1|lpm_divide_rtl:auto_generated|sign_div_unsign_tlh:divider|alt_u_div_4ie:divider|add_sub_10_result_int[0]~16" File: C:/QuartusProjects/VendingMachine/db/alt_u_div_4ie.tdf Line: 37
    Info (17048): Logic cell "lpm_divide:Div1|lpm_divide_rtl:auto_generated|sign_div_unsign_tlh:divider|alt_u_div_4ie:divider|add_sub_12_result_int[0]~16" File: C:/QuartusProjects/VendingMachine/db/alt_u_div_4ie.tdf Line: 47
    Info (17048): Logic cell "lpm_divide:Mod1|lpm_divide_rll:auto_generated|sign_div_unsign_qlh:divider|alt_u_div_uhe:divider|add_sub_15_result_int[0]~0" File: C:/QuartusProjects/VendingMachine/db/alt_u_div_uhe.tdf Line: 62
    Info (17048): Logic cell "lpm_divide:Mod1|lpm_divide_rll:auto_generated|sign_div_unsign_qlh:divider|alt_u_div_uhe:divider|add_sub_9_result_int[0]~10" File: C:/QuartusProjects/VendingMachine/db/alt_u_div_uhe.tdf Line: 102
    Info (17048): Logic cell "lpm_divide:Mod1|lpm_divide_rll:auto_generated|sign_div_unsign_qlh:divider|alt_u_div_uhe:divider|add_sub_10_result_int[0]~10" File: C:/QuartusProjects/VendingMachine/db/alt_u_div_uhe.tdf Line: 37
    Info (17048): Logic cell "lpm_divide:Mod1|lpm_divide_rll:auto_generated|sign_div_unsign_qlh:divider|alt_u_div_uhe:divider|add_sub_11_result_int[0]~10" File: C:/QuartusProjects/VendingMachine/db/alt_u_div_uhe.tdf Line: 42
    Info (17048): Logic cell "lpm_divide:Mod1|lpm_divide_rll:auto_generated|sign_div_unsign_qlh:divider|alt_u_div_uhe:divider|add_sub_12_result_int[0]~10" File: C:/QuartusProjects/VendingMachine/db/alt_u_div_uhe.tdf Line: 47
    Info (17048): Logic cell "lpm_divide:Mod1|lpm_divide_rll:auto_generated|sign_div_unsign_qlh:divider|alt_u_div_uhe:divider|add_sub_13_result_int[0]~10" File: C:/QuartusProjects/VendingMachine/db/alt_u_div_uhe.tdf Line: 52
    Info (17048): Logic cell "lpm_divide:Mod1|lpm_divide_rll:auto_generated|sign_div_unsign_qlh:divider|alt_u_div_uhe:divider|add_sub_14_result_int[0]~10" File: C:/QuartusProjects/VendingMachine/db/alt_u_div_uhe.tdf Line: 57
    Info (17048): Logic cell "lpm_divide:Div0|lpm_divide_5vl:auto_generated|sign_div_unsign_7nh:divider|alt_u_div_oke:divider|add_sub_9_result_int[2]~16" File: C:/QuartusProjects/VendingMachine/db/alt_u_div_oke.tdf Line: 102
    Info (17048): Logic cell "lpm_divide:Div0|lpm_divide_5vl:auto_generated|sign_div_unsign_7nh:divider|alt_u_div_oke:divider|add_sub_9_result_int[1]~18" File: C:/QuartusProjects/VendingMachine/db/alt_u_div_oke.tdf Line: 102
    Info (17048): Logic cell "lpm_divide:Div0|lpm_divide_5vl:auto_generated|sign_div_unsign_7nh:divider|alt_u_div_oke:divider|add_sub_9_result_int[0]~20" File: C:/QuartusProjects/VendingMachine/db/alt_u_div_oke.tdf Line: 102
    Info (17048): Logic cell "lpm_divide:Div0|lpm_divide_5vl:auto_generated|sign_div_unsign_7nh:divider|alt_u_div_oke:divider|add_sub_10_result_int[0]~22" File: C:/QuartusProjects/VendingMachine/db/alt_u_div_oke.tdf Line: 37
    Info (17048): Logic cell "lpm_divide:Div0|lpm_divide_5vl:auto_generated|sign_div_unsign_7nh:divider|alt_u_div_oke:divider|add_sub_12_result_int[0]~22" File: C:/QuartusProjects/VendingMachine/db/alt_u_div_oke.tdf Line: 47
    Info (17048): Logic cell "lpm_divide:Mod0|lpm_divide_rll:auto_generated|sign_div_unsign_qlh:divider|alt_u_div_uhe:divider|add_sub_15_result_int[0]~0" File: C:/QuartusProjects/VendingMachine/db/alt_u_div_uhe.tdf Line: 62
    Info (17048): Logic cell "lpm_divide:Mod0|lpm_divide_rll:auto_generated|sign_div_unsign_qlh:divider|alt_u_div_uhe:divider|add_sub_12_result_int[0]~10" File: C:/QuartusProjects/VendingMachine/db/alt_u_div_uhe.tdf Line: 47
    Info (17048): Logic cell "lpm_divide:Mod0|lpm_divide_rll:auto_generated|sign_div_unsign_qlh:divider|alt_u_div_uhe:divider|add_sub_13_result_int[0]~10" File: C:/QuartusProjects/VendingMachine/db/alt_u_div_uhe.tdf Line: 52
    Info (17048): Logic cell "lpm_divide:Mod0|lpm_divide_rll:auto_generated|sign_div_unsign_qlh:divider|alt_u_div_uhe:divider|add_sub_14_result_int[0]~10" File: C:/QuartusProjects/VendingMachine/db/alt_u_div_uhe.tdf Line: 57
Info (16010): Generating hard_block partition "hard_block:auto_generated_inst"
    Info (16011): Adding 0 node(s), including 0 DDIO, 0 PLL, 0 transceiver and 0 LCELL
Info (21057): Implemented 1304 device resources after synthesis - the final resource count might be different
    Info (21058): Implemented 5 input pins
    Info (21059): Implemented 30 output pins
    Info (21061): Implemented 1269 logic cells
Info: Quartus Prime Analysis & Synthesis was successful. 0 errors, 12 warnings
    Info: Peak virtual memory: 4867 megabytes
    Info: Processing ended: Sat Jan  4 21:26:39 2025
    Info: Elapsed time: 00:00:06
    Info: Total CPU time (on all processors): 00:00:11


